Linux 4.18.0-372.9.1.el8.x86_64 (x1001c1s3b0n0) 	10/18/24 	_x86_64_	(64 CPU)

13:36:02     CPU    %usr   %nice    %sys %iowait    %irq   %soft  %steal  %guest  %gnice   %idle
13:36:02     all   17.75    0.00    2.23    0.00    0.10    0.01    0.00    0.00    0.00   79.90
13:36:02       0    7.03    0.00   11.60    0.00    0.08    0.23    0.00    0.00    0.00   81.05
13:36:02       1    0.38    0.00    7.52    0.00    0.02    0.06    0.00    0.00    0.00   92.01
13:36:02       2    0.30    0.00    2.10    0.00    0.01    0.01    0.00    0.00    0.00   97.58
13:36:02       3    0.42    0.00    2.67    0.00    0.01    0.00    0.00    0.00    0.00   96.90
13:36:02       4    0.36    0.00    0.32    0.00    0.01    0.01    0.00    0.00    0.00   99.30
13:36:02       5    0.18    0.00    0.46    0.00    0.01    0.01    0.00    0.00    0.00   99.35
13:36:02       6    0.24    0.00    2.02    0.00    0.01    0.00    0.00    0.00    0.00   97.72
13:36:02       7    0.19    0.00    0.53    0.00    0.01    0.00    0.00    0.00    0.00   99.27
13:36:02       8   20.59    0.00   31.07    0.00    0.11    0.00    0.00    0.00    0.00   48.22
13:36:02       9    1.65    0.00    3.17    0.00    0.02    0.01    0.00    0.00    0.00   95.15
13:36:02      10    0.14    0.00    0.59    0.00    0.01    0.00    0.00    0.00    0.00   99.26
13:36:02      11    0.14    0.00    1.73    0.00    0.01    0.00    0.00    0.00    0.00   98.12
13:36:02      12    0.30    0.00    1.01    0.00    0.01    0.00    0.00    0.00    0.00   98.68
13:36:02      13    2.77    0.00    5.17    0.00    0.02    0.00    0.00    0.00    0.00   92.03
13:36:02      14    0.24    0.00    0.12    0.00    0.01    0.00    0.00    0.00    0.00   99.63
13:36:02      15    0.25    0.00    0.29    0.00    0.01    0.00    0.00    0.00    0.00   99.46
13:36:02      16    4.13    0.00    7.47    0.00    0.03    0.01    0.00    0.00    0.00   88.36
13:36:02      17    0.46    0.00    1.01    0.00    0.01    0.01    0.00    0.00    0.00   98.50
13:36:02      18    0.31    0.00    0.50    0.00    0.01    0.01    0.00    0.00    0.00   99.16
13:36:02      19    0.28    0.00    0.31    0.00    0.01    0.01    0.00    0.00    0.00   99.38
13:36:02      20    0.25    0.00    0.30    0.00    0.01    0.01    0.00    0.00    0.00   99.43
13:36:02      21    0.28    0.00    0.34    0.00    0.01    0.01    0.00    0.00    0.00   99.35
13:36:02      22    0.28    0.00    0.31    0.00    0.01    0.01    0.00    0.00    0.00   99.39
13:36:02      23    0.27    0.00    0.31    0.00    0.01    0.01    0.00    0.00    0.00   99.40
13:36:02      24    1.52    0.00    2.66    0.00    0.02    0.01    0.00    0.00    0.00   95.79
13:36:02      25    0.30    0.00    0.80    0.00    0.01    0.01    0.00    0.00    0.00   98.89
13:36:02      26    0.27    0.00    0.31    0.00    0.01    0.01    0.00    0.00    0.00   99.40
13:36:02      27    0.28    0.00    0.32    0.00    0.01    0.01    0.00    0.00    0.00   99.38
13:36:02      28    0.28    0.00    0.32    0.00    0.01    0.01    0.00    0.00    0.00   99.38
13:36:02      29    0.26    0.00    0.29    0.00    0.01    0.01    0.00    0.00    0.00   99.42
13:36:02      30    0.28    0.00    0.31    0.00    0.01    0.01    0.00    0.00    0.00   99.39
13:36:02      31    0.28    0.00    0.33    0.00    0.01    0.01    0.00    0.00    0.00   99.37
13:36:02      32    2.23    0.00    4.40    0.00    0.01    0.00    0.00    0.00    0.00   93.36
13:36:02      33    0.11    0.00    0.16    0.00    0.00    0.00    0.00    0.00    0.00   99.73
13:36:02      34    0.37    0.00    0.48    0.00    0.00    0.00    0.00    0.00    0.00   99.15
13:36:02      35    0.08    0.00    0.06    0.00    0.00    0.00    0.00    0.00    0.00   99.86
13:36:02      36   66.65    0.00    0.12    0.00    0.24    0.01    0.00    0.00    0.00   32.98
13:36:02      37   66.78    0.00    0.10    0.00    0.24    0.01    0.00    0.00    0.00   32.88
13:36:02      38   66.02    0.00    0.11    0.00    0.24    0.01    0.00    0.00    0.00   33.62
13:36:02      39   66.79    0.00    0.09    0.00    0.23    0.01    0.00    0.00    0.00   32.88
13:36:02      40   66.80    0.00    0.74    0.00    0.29    0.01    0.00    0.00    0.00   32.16
13:36:02      41   66.80    0.00    0.09    0.00    0.28    0.01    0.00    0.00    0.00   32.82
13:36:02      42   66.81    0.00    0.08    0.00    0.28    0.01    0.00    0.00    0.00   32.82
13:36:02      43   66.81    0.00    0.08    0.00    0.28    0.01    0.00    0.00    0.00   32.82
13:36:02      44   66.80    0.00    0.08    0.00    0.29    0.01    0.00    0.00    0.00   32.83
13:36:02      45   66.81    0.00    0.09    0.00    0.28    0.01    0.00    0.00    0.00   32.80
13:36:02      46   66.77    0.00    0.10    0.00    0.29    0.01    0.00    0.00    0.00   32.83
13:36:02      47   66.79    0.00    0.09    0.00    0.28    0.01    0.00    0.00    0.00   32.82
13:36:02      48   66.80    0.00    1.31    0.01    0.25    0.04    0.00    0.00    0.00   31.60
13:36:02      49   66.83    0.00    0.24    0.01    0.23    0.01    0.00    0.00    0.00   32.69
13:36:02      50   66.81    0.00    0.99    0.01    0.23    0.01    0.00    0.00    0.00   31.95
13:36:02      51   66.83    0.00    0.07    0.00    0.23    0.01    0.00    0.00    0.00   32.86
13:36:02      52   11.51    0.00    1.06    0.00    0.04    0.00    0.00    0.00    0.00   87.39
13:36:02      53    4.52    0.00    0.17    0.00    0.02    0.00    0.00    0.00    0.00   95.30
13:36:02      54    0.25    0.00    0.12    0.03    0.01    0.00    0.00    0.00    0.00   99.59
13:36:02      55    0.26    0.00    0.14    0.03    0.02    0.01    0.00    0.00    0.00   99.55
13:36:02      56    0.82    0.00    2.98    0.03    0.01    0.00    0.00    0.00    0.00   96.16
13:36:02      57    0.64    0.00   33.18    0.03    1.22    0.01    0.00    0.00    0.00   64.94
13:36:02      58    0.62    0.00    4.72    0.03    0.01    0.00    0.00    0.00    0.00   94.61
13:36:02      59    0.52    0.00    1.11    0.00    0.01    0.00    0.00    0.00    0.00   98.36
13:36:02      60    0.47    0.00    1.58    0.00    0.01    0.00    0.00    0.00    0.00   97.94
13:36:02      61    0.59    0.00    0.27    0.00    0.01    0.00    0.00    0.00    0.00   99.13
13:36:02      62    0.18    0.00    1.15    0.00    0.01    0.00    0.00    0.00    0.00   98.66
13:36:02      63    0.08    0.00    0.98    0.00    0.01    0.00    0.00    0.00    0.00   98.93
Memory usage:
Fri Oct 18 13:36:02 2024       
+---------------------------------------------------------------------------------------+
| NVIDIA-SMI 530.30.02              Driver Version: 530.30.02    CUDA Version: 12.1     |
|-----------------------------------------+----------------------+----------------------+
| GPU  Name                  Persistence-M| Bus-Id        Disp.A | Volatile Uncorr. ECC |
| Fan  Temp  Perf            Pwr:Usage/Cap|         Memory-Usage | GPU-Util  Compute M. |
|                                         |                      |               MIG M. |
|=========================================+======================+======================|
|   0  NVIDIA A100-SXM4-40GB           On | 00000000:03:00.0 Off |                    0 |
| N/A   38C    P0               96W / 400W|  40375MiB / 40960MiB |    100%      Default |
|                                         |                      |             Disabled |
+-----------------------------------------+----------------------+----------------------+
|   1  NVIDIA A100-SXM4-40GB           On | 00000000:41:00.0 Off |                    0 |
| N/A   41C    P0              170W / 400W|    477MiB / 40960MiB |     57%      Default |
|                                         |                      |             Disabled |
+-----------------------------------------+----------------------+----------------------+
|   2  NVIDIA A100-SXM4-40GB           On | 00000000:81:00.0 Off |                    0 |
| N/A   43C    P0              171W / 400W|   3063MiB / 40960MiB |     95%      Default |
|                                         |                      |             Disabled |
+-----------------------------------------+----------------------+----------------------+
|   3  NVIDIA A100-SXM4-40GB           On | 00000000:C1:00.0 Off |                    0 |
| N/A   31C    P0               52W / 400W|      0MiB / 40960MiB |      0%      Default |
|                                         |                      |             Disabled |
+-----------------------------------------+----------------------+----------------------+
                                                                                         
+---------------------------------------------------------------------------------------+
| Processes:                                                                            |
|  GPU   GI   CI        PID   Type   Process name                            GPU Memory |
|        ID   ID                                                             Usage      |
|=======================================================================================|
+---------------------------------------------------------------------------------------+
