Linux 4.18.0-372.9.1.el8.x86_64 (x1001c1s3b0n0) 	10/18/24 	_x86_64_	(64 CPU)

13:33:05     CPU    %usr   %nice    %sys %iowait    %irq   %soft  %steal  %guest  %gnice   %idle
13:33:05     all   17.74    0.00    2.23    0.00    0.10    0.01    0.00    0.00    0.00   79.92
13:33:05       0    7.05    0.00   11.62    0.00    0.08    0.23    0.00    0.00    0.00   81.02
13:33:05       1    0.38    0.00    7.54    0.00    0.02    0.07    0.00    0.00    0.00   92.00
13:33:05       2    0.30    0.00    2.11    0.00    0.01    0.01    0.00    0.00    0.00   97.58
13:33:05       3    0.42    0.00    2.67    0.00    0.01    0.00    0.00    0.00    0.00   96.89
13:33:05       4    0.36    0.00    0.32    0.00    0.01    0.01    0.00    0.00    0.00   99.30
13:33:05       5    0.18    0.00    0.46    0.00    0.01    0.01    0.00    0.00    0.00   99.35
13:33:05       6    0.25    0.00    2.03    0.00    0.01    0.00    0.00    0.00    0.00   97.72
13:33:05       7    0.19    0.00    0.53    0.00    0.01    0.00    0.00    0.00    0.00   99.27
13:33:05       8   20.56    0.00   31.03    0.00    0.11    0.00    0.00    0.00    0.00   48.30
13:33:05       9    1.66    0.00    3.17    0.00    0.02    0.01    0.00    0.00    0.00   95.15
13:33:05      10    0.14    0.00    0.59    0.00    0.01    0.00    0.00    0.00    0.00   99.26
13:33:05      11    0.14    0.00    1.73    0.00    0.01    0.00    0.00    0.00    0.00   98.12
13:33:05      12    0.30    0.00    1.01    0.00    0.01    0.00    0.00    0.00    0.00   98.68
13:33:05      13    2.78    0.00    5.18    0.00    0.02    0.00    0.00    0.00    0.00   92.02
13:33:05      14    0.24    0.00    0.12    0.00    0.01    0.00    0.00    0.00    0.00   99.63
13:33:05      15    0.25    0.00    0.29    0.00    0.01    0.00    0.00    0.00    0.00   99.46
13:33:05      16    4.13    0.00    7.48    0.00    0.03    0.01    0.00    0.00    0.00   88.34
13:33:05      17    0.46    0.00    1.01    0.00    0.01    0.01    0.00    0.00    0.00   98.50
13:33:05      18    0.31    0.00    0.50    0.00    0.01    0.01    0.00    0.00    0.00   99.16
13:33:05      19    0.28    0.00    0.31    0.00    0.01    0.01    0.00    0.00    0.00   99.38
13:33:05      20    0.25    0.00    0.30    0.00    0.01    0.01    0.00    0.00    0.00   99.43
13:33:05      21    0.28    0.00    0.34    0.00    0.01    0.01    0.00    0.00    0.00   99.35
13:33:05      22    0.28    0.00    0.31    0.00    0.01    0.01    0.00    0.00    0.00   99.39
13:33:05      23    0.27    0.00    0.31    0.00    0.01    0.01    0.00    0.00    0.00   99.40
13:33:05      24    1.52    0.00    2.66    0.00    0.02    0.01    0.00    0.00    0.00   95.79
13:33:05      25    0.30    0.00    0.80    0.00    0.01    0.01    0.00    0.00    0.00   98.88
13:33:05      26    0.27    0.00    0.31    0.00    0.01    0.01    0.00    0.00    0.00   99.40
13:33:05      27    0.28    0.00    0.32    0.00    0.01    0.01    0.00    0.00    0.00   99.39
13:33:05      28    0.28    0.00    0.32    0.00    0.01    0.01    0.00    0.00    0.00   99.38
13:33:05      29    0.26    0.00    0.29    0.00    0.01    0.01    0.00    0.00    0.00   99.42
13:33:05      30    0.28    0.00    0.31    0.00    0.01    0.01    0.00    0.00    0.00   99.39
13:33:05      31    0.28    0.00    0.33    0.00    0.01    0.01    0.00    0.00    0.00   99.37
13:33:05      32    2.23    0.00    4.40    0.00    0.01    0.00    0.00    0.00    0.00   93.35
13:33:05      33    0.11    0.00    0.16    0.00    0.00    0.00    0.00    0.00    0.00   99.73
13:33:05      34    0.37    0.00    0.48    0.00    0.00    0.00    0.00    0.00    0.00   99.15
13:33:05      35    0.08    0.00    0.06    0.00    0.00    0.00    0.00    0.00    0.00   99.86
13:33:05      36   66.60    0.00    0.12    0.00    0.24    0.01    0.00    0.00    0.00   33.04
13:33:05      37   66.72    0.00    0.10    0.00    0.24    0.01    0.00    0.00    0.00   32.93
13:33:05      38   65.96    0.00    0.11    0.00    0.24    0.01    0.00    0.00    0.00   33.68
13:33:05      39   66.73    0.00    0.09    0.00    0.23    0.01    0.00    0.00    0.00   32.93
13:33:05      40   66.74    0.00    0.74    0.00    0.29    0.01    0.00    0.00    0.00   32.22
13:33:05      41   66.75    0.00    0.09    0.00    0.28    0.01    0.00    0.00    0.00   32.87
13:33:05      42   66.76    0.00    0.08    0.00    0.28    0.01    0.00    0.00    0.00   32.88
13:33:05      43   66.75    0.00    0.08    0.00    0.28    0.01    0.00    0.00    0.00   32.87
13:33:05      44   66.74    0.00    0.08    0.00    0.29    0.01    0.00    0.00    0.00   32.88
13:33:05      45   66.76    0.00    0.09    0.00    0.28    0.01    0.00    0.00    0.00   32.86
13:33:05      46   66.71    0.00    0.10    0.00    0.29    0.01    0.00    0.00    0.00   32.89
13:33:05      47   66.74    0.00    0.09    0.00    0.28    0.01    0.00    0.00    0.00   32.87
13:33:05      48   66.74    0.00    1.32    0.01    0.25    0.04    0.00    0.00    0.00   31.66
13:33:05      49   66.77    0.00    0.24    0.01    0.23    0.01    0.00    0.00    0.00   32.74
13:33:05      50   66.76    0.00    1.00    0.01    0.23    0.01    0.00    0.00    0.00   32.00
13:33:05      51   66.77    0.00    0.07    0.00    0.23    0.01    0.00    0.00    0.00   32.91
13:33:05      52   11.50    0.00    1.06    0.00    0.04    0.00    0.00    0.00    0.00   87.39
13:33:05      53    4.39    0.00    0.16    0.00    0.02    0.00    0.00    0.00    0.00   95.43
13:33:05      54    0.25    0.00    0.12    0.03    0.01    0.00    0.00    0.00    0.00   99.59
13:33:05      55    0.26    0.00    0.14    0.03    0.02    0.01    0.00    0.00    0.00   99.55
13:33:05      56    0.82    0.00    2.98    0.03    0.01    0.00    0.00    0.00    0.00   96.15
13:33:05      57    0.64    0.00   33.12    0.03    1.22    0.01    0.00    0.00    0.00   64.99
13:33:05      58    0.62    0.00    4.72    0.03    0.01    0.00    0.00    0.00    0.00   94.60
13:33:05      59    0.52    0.00    1.11    0.00    0.01    0.00    0.00    0.00    0.00   98.36
13:33:05      60    0.47    0.00    1.58    0.00    0.01    0.00    0.00    0.00    0.00   97.94
13:33:05      61    0.59    0.00    0.27    0.00    0.01    0.00    0.00    0.00    0.00   99.13
13:33:05      62    0.18    0.00    1.15    0.00    0.01    0.00    0.00    0.00    0.00   98.66
13:33:05      63    0.08    0.00    0.99    0.00    0.01    0.00    0.00    0.00    0.00   98.93
Fri Oct 18 13:33:06 2024       
+---------------------------------------------------------------------------------------+
| NVIDIA-SMI 530.30.02              Driver Version: 530.30.02    CUDA Version: 12.1     |
|-----------------------------------------+----------------------+----------------------+
| GPU  Name                  Persistence-M| Bus-Id        Disp.A | Volatile Uncorr. ECC |
| Fan  Temp  Perf            Pwr:Usage/Cap|         Memory-Usage | GPU-Util  Compute M. |
|                                         |                      |               MIG M. |
|=========================================+======================+======================|
|   0  NVIDIA A100-SXM4-40GB           On | 00000000:03:00.0 Off |                    0 |
| N/A   38C    P0              109W / 400W|  40375MiB / 40960MiB |    100%      Default |
|                                         |                      |             Disabled |
+-----------------------------------------+----------------------+----------------------+
|   1  NVIDIA A100-SXM4-40GB           On | 00000000:41:00.0 Off |                    0 |
| N/A   41C    P0              166W / 400W|    477MiB / 40960MiB |     57%      Default |
|                                         |                      |             Disabled |
+-----------------------------------------+----------------------+----------------------+
|   2  NVIDIA A100-SXM4-40GB           On | 00000000:81:00.0 Off |                    0 |
| N/A   43C    P0              165W / 400W|   3063MiB / 40960MiB |     95%      Default |
|                                         |                      |             Disabled |
+-----------------------------------------+----------------------+----------------------+
|   3  NVIDIA A100-SXM4-40GB           On | 00000000:C1:00.0 Off |                    0 |
| N/A   31C    P0               52W / 400W|      0MiB / 40960MiB |      0%      Default |
|                                         |                      |             Disabled |
+-----------------------------------------+----------------------+----------------------+
                                                                                         
+---------------------------------------------------------------------------------------+
| Processes:                                                                            |
|  GPU   GI   CI        PID   Type   Process name                            GPU Memory |
|        ID   ID                                                             Usage      |
|=======================================================================================|
+---------------------------------------------------------------------------------------+
