Namespace(data_dir='../tsp_input/generated_insatnces_3000_size_50/', tb_dir='../atsp_model_train_result', atsp_size=50, to_homo=False, half_st=False, model='HetroGATConcat', input_dim=1, hidden_dim=128, output_dim=1, relation_types='ss tt pp', n_gnn_layers=4, n_heads=64, jk='cat', lr_init=0.001, lr_decay=0.95, min_delta=0.0001, patience=200, batch_size=15, n_epochs=100, checkpoint_freq=10, seed=4, n_trials=1, n_samples_result_train=30, device='cuda')
the edge list tensor([[         0,          1],
        [         0,          2],
        [         0,          3],
        ...,
        [       467,        109],
        [1543954152,      21897],
        [      1133,      30177]], dtype=torch.int32)
the edge list tensor([[ 0,  1],
        [ 0,  2],
        [ 0,  3],
        ...,
        [63,  0],
        [64,  0],
        [65,  0]], dtype=torch.int32)
device = cuda
  0%|          | 0/100 [00:00<?, ?it/s]the range of the loop is 0, 49
the range of the loop is 0, 49
the range of the loop is 0, 49
the range of the loop is 0, 49
range ot the tensor is 98
range ot the tensor is 98
range ot the tensor is 98
range ot the tensor is 98
  0%|          | 0/100 [00:00<?, ?it/s]
Traceback (most recent call last):
  File "/project/p_gnn001/code/tsp/tsp_gnn/train.py", line 171, in <module>
    best_val_result, best_avg_gap_result, run_name = train(args, trial_id, run_name)
                                                     ^^^^^^^^^^^^^^^^^^^^^^^^^^^^^^^
  File "/project/p_gnn001/code/tsp/tsp_gnn/train.py", line 118, in train
    result['train_loss'][epoch] = epoch_train(model, train_loader, criterion, optimizer, args.device)
                                  ^^^^^^^^^^^^^^^^^^^^^^^^^^^^^^^^^^^^^^^^^^^^^^^^^^^^^^^^^^^^^^^^^^^
  File "/project/p_gnn001/code/tsp/tsp_gnn/train.py", line 26, in epoch_train
    for batch_i, batch in enumerate(train_loader):
  File "/home/p_gnngw/miniconda3/envs/cuda118/lib/python3.12/site-packages/torch/utils/data/dataloader.py", line 631, in __next__
    data = self._next_data()
           ^^^^^^^^^^^^^^^^^
  File "/home/p_gnngw/miniconda3/envs/cuda118/lib/python3.12/site-packages/torch/utils/data/dataloader.py", line 1346, in _next_data
    return self._process_data(data)
           ^^^^^^^^^^^^^^^^^^^^^^^^
  File "/home/p_gnngw/miniconda3/envs/cuda118/lib/python3.12/site-packages/torch/utils/data/dataloader.py", line 1372, in _process_data
    data.reraise()
  File "/home/p_gnngw/miniconda3/envs/cuda118/lib/python3.12/site-packages/torch/_utils.py", line 722, in reraise
    raise exception
ValueError: Caught ValueError in DataLoader worker process 0.
Original Traceback (most recent call last):
  File "/home/p_gnngw/miniconda3/envs/cuda118/lib/python3.12/site-packages/torch/utils/data/_utils/worker.py", line 308, in _worker_loop
    data = fetcher.fetch(index)
           ^^^^^^^^^^^^^^^^^^^^
  File "/home/p_gnngw/miniconda3/envs/cuda118/lib/python3.12/site-packages/torch/utils/data/_utils/fetch.py", line 51, in fetch
    data = [self.dataset[idx] for idx in possibly_batched_index]
            ~~~~~~~~~~~~^^^^^
  File "/project/p_gnn001/code/tsp/tsp_gnn/gnngls/datasets.py", line 199, in __getitem__
    H = self.get_scaled_features(G)
        ^^^^^^^^^^^^^^^^^^^^^^^^^^^
  File "/project/p_gnn001/code/tsp/tsp_gnn/gnngls/datasets.py", line 231, in get_scaled_features
    features_transformed = self.scalers['weight'].transform(features.numpy())
                           ^^^^^^^^^^^^^^^^^^^^^^^^^^^^^^^^^^^^^^^^^^^^^^^^^^
  File "/home/p_gnngw/miniconda3/envs/cuda118/lib/python3.12/site-packages/sklearn/utils/_set_output.py", line 140, in wrapped
    data_to_wrap = f(self, X, *args, **kwargs)
                   ^^^^^^^^^^^^^^^^^^^^^^^^^^^
  File "/home/p_gnngw/miniconda3/envs/cuda118/lib/python3.12/site-packages/sklearn/preprocessing/_data.py", line 514, in transform
    X = self._validate_data(
        ^^^^^^^^^^^^^^^^^^^^
  File "/home/p_gnngw/miniconda3/envs/cuda118/lib/python3.12/site-packages/sklearn/base.py", line 604, in _validate_data
    out = check_array(X, input_name="X", **check_params)
          ^^^^^^^^^^^^^^^^^^^^^^^^^^^^^^^^^^^^^^^^^^^^^^
  File "/home/p_gnngw/miniconda3/envs/cuda118/lib/python3.12/site-packages/sklearn/utils/validation.py", line 940, in check_array
    raise ValueError(
ValueError: Expected 2D array, got 1D array instead:
array=[ 1.8484203e-30  4.5906538e-41  2.6312748e+13  3.0684232e-41
  1.9419723e-30  4.5906538e-41  2.0554534e+18  3.0684232e-41
  1.9386260e-30  4.5906538e-41  1.9419964e-30  4.5906538e-41
  1.9386411e-30  4.5906538e-41  1.9386561e-30  4.5906538e-41
 -4.8480895e-28  4.5907939e-41  2.4686331e+13  3.0684232e-41
  2.6307111e+13  3.0684232e-41  2.4644858e+13  3.0684232e-41
 -4.5619271e-28  4.5907939e-41  1.9420085e-30  4.5906538e-41
  1.9420205e-30  4.5906538e-41 -4.9634142e-28  4.5907939e-41
  2.6325616e+13  3.0684232e-41  2.6314342e+13  3.0684232e-41
  2.6326824e+13  3.0684232e-41  2.6245186e+13  3.0684232e-41
  2.0687509e+18  3.0684232e-41  2.5118579e+13  3.0684232e-41
 -9.6305164e-29  4.5907939e-41  2.6254867e+13  3.0684232e-41
  1.9354814e-30  4.5906538e-41  2.6248139e+13  3.0684232e-41
  2.0689752e+18  3.0684232e-41  1.9208082e-30  4.5906538e-41
  2.6344742e+13  3.0684232e-41  2.4986509e+13  3.0684232e-41
  2.6325415e+13  3.0684232e-41  1.9421047e-30  4.5906538e-41
  1.9421168e-30  4.5906538e-41 -1.0438213e-28  4.5907939e-41
  1.9421288e-30  4.5906538e-41  1.9421409e-30  4.5906538e-41
  2.6281375e+13  3.0684232e-41  2.0998655e-30  4.5906538e-41
  2.4864707e+13  3.0684232e-41  2.6249951e+13  3.0684232e-41
  1.9386862e-30  4.5906538e-41  1.9421679e-30  4.5906538e-41
  2.6249380e+13  3.0684232e-41  1.9421890e-30  4.5906538e-41
  1.9345395e-30  4.5906538e-41  2.6253491e+13  3.0684232e-41
  1.8687389e-30  4.5906538e-41 -2.7661844e+09  4.5906538e-41
  2.6271594e+13  3.0684232e-41].
Reshape your data either using array.reshape(-1, 1) if your data has a single feature or array.reshape(1, -1) if it contains a single sample.

the range of the loop is 0, 49
range ot the tensor is 98
the range of the loop is 0, 49
range ot the tensor is 98
the range of the loop is 0, 49
range ot the tensor is 98
the range of the loop is 0, 49
range ot the tensor is 98
