Linux 4.18.0-372.9.1.el8.x86_64 (x1001c1s3b0n0) 	10/18/24 	_x86_64_	(64 CPU)

13:37:06     CPU    %usr   %nice    %sys %iowait    %irq   %soft  %steal  %guest  %gnice   %idle
13:37:06     all   17.76    0.00    2.23    0.00    0.10    0.01    0.00    0.00    0.00   79.90
13:37:06       0    7.03    0.00   11.59    0.00    0.08    0.23    0.00    0.00    0.00   81.06
13:37:06       1    0.38    0.00    7.52    0.00    0.02    0.06    0.00    0.00    0.00   92.01
13:37:06       2    0.30    0.00    2.10    0.00    0.01    0.01    0.00    0.00    0.00   97.58
13:37:06       3    0.41    0.00    2.67    0.00    0.01    0.00    0.00    0.00    0.00   96.90
13:37:06       4    0.36    0.00    0.32    0.00    0.01    0.01    0.00    0.00    0.00   99.30
13:37:06       5    0.18    0.00    0.46    0.00    0.01    0.01    0.00    0.00    0.00   99.35
13:37:06       6    0.24    0.00    2.02    0.00    0.01    0.00    0.00    0.00    0.00   97.72
13:37:06       7    0.19    0.00    0.53    0.00    0.01    0.00    0.00    0.00    0.00   99.27
13:37:06       8   20.60    0.00   31.09    0.00    0.11    0.00    0.00    0.00    0.00   48.19
13:37:06       9    1.65    0.00    3.17    0.00    0.02    0.01    0.00    0.00    0.00   95.16
13:37:06      10    0.14    0.00    0.59    0.00    0.01    0.00    0.00    0.00    0.00   99.26
13:37:06      11    0.14    0.00    1.73    0.00    0.01    0.00    0.00    0.00    0.00   98.12
13:37:06      12    0.30    0.00    1.01    0.00    0.01    0.00    0.00    0.00    0.00   98.68
13:37:06      13    2.77    0.00    5.17    0.00    0.02    0.00    0.00    0.00    0.00   92.04
13:37:06      14    0.24    0.00    0.12    0.00    0.01    0.00    0.00    0.00    0.00   99.63
13:37:06      15    0.25    0.00    0.29    0.00    0.01    0.00    0.00    0.00    0.00   99.46
13:37:06      16    4.13    0.00    7.46    0.00    0.03    0.01    0.00    0.00    0.00   88.37
13:37:06      17    0.46    0.00    1.01    0.00    0.01    0.01    0.00    0.00    0.00   98.50
13:37:06      18    0.31    0.00    0.50    0.00    0.01    0.01    0.00    0.00    0.00   99.16
13:37:06      19    0.28    0.00    0.31    0.00    0.01    0.01    0.00    0.00    0.00   99.38
13:37:06      20    0.25    0.00    0.30    0.00    0.01    0.01    0.00    0.00    0.00   99.43
13:37:06      21    0.28    0.00    0.34    0.00    0.01    0.01    0.00    0.00    0.00   99.35
13:37:06      22    0.28    0.00    0.31    0.00    0.01    0.01    0.00    0.00    0.00   99.39
13:37:06      23    0.27    0.00    0.31    0.00    0.01    0.01    0.00    0.00    0.00   99.40
13:37:06      24    1.52    0.00    2.66    0.00    0.02    0.01    0.00    0.00    0.00   95.79
13:37:06      25    0.30    0.00    0.80    0.00    0.01    0.01    0.00    0.00    0.00   98.89
13:37:06      26    0.27    0.00    0.31    0.00    0.01    0.01    0.00    0.00    0.00   99.40
13:37:06      27    0.28    0.00    0.32    0.00    0.01    0.01    0.00    0.00    0.00   99.38
13:37:06      28    0.28    0.00    0.32    0.00    0.01    0.01    0.00    0.00    0.00   99.38
13:37:06      29    0.26    0.00    0.29    0.00    0.01    0.01    0.00    0.00    0.00   99.42
13:37:06      30    0.28    0.00    0.31    0.00    0.01    0.01    0.00    0.00    0.00   99.39
13:37:06      31    0.28    0.00    0.33    0.00    0.01    0.01    0.00    0.00    0.00   99.37
13:37:06      32    2.23    0.00    4.39    0.00    0.01    0.00    0.00    0.00    0.00   93.36
13:37:06      33    0.11    0.00    0.16    0.00    0.00    0.00    0.00    0.00    0.00   99.73
13:37:06      34    0.37    0.00    0.48    0.00    0.00    0.00    0.00    0.00    0.00   99.15
13:37:06      35    0.08    0.00    0.06    0.00    0.00    0.00    0.00    0.00    0.00   99.86
13:37:06      36   66.67    0.00    0.12    0.00    0.24    0.01    0.00    0.00    0.00   32.96
13:37:06      37   66.80    0.00    0.10    0.00    0.24    0.01    0.00    0.00    0.00   32.86
13:37:06      38   66.04    0.00    0.11    0.00    0.24    0.01    0.00    0.00    0.00   33.60
13:37:06      39   66.81    0.00    0.09    0.00    0.23    0.01    0.00    0.00    0.00   32.86
13:37:06      40   66.82    0.00    0.74    0.00    0.29    0.01    0.00    0.00    0.00   32.14
13:37:06      41   66.82    0.00    0.09    0.00    0.28    0.01    0.00    0.00    0.00   32.80
13:37:06      42   66.83    0.00    0.08    0.00    0.28    0.01    0.00    0.00    0.00   32.80
13:37:06      43   66.83    0.00    0.08    0.00    0.28    0.01    0.00    0.00    0.00   32.80
13:37:06      44   66.82    0.00    0.08    0.00    0.29    0.01    0.00    0.00    0.00   32.81
13:37:06      45   66.83    0.00    0.09    0.00    0.28    0.01    0.00    0.00    0.00   32.78
13:37:06      46   66.79    0.00    0.10    0.00    0.29    0.01    0.00    0.00    0.00   32.81
13:37:06      47   66.81    0.00    0.09    0.00    0.28    0.01    0.00    0.00    0.00   32.80
13:37:06      48   66.82    0.00    1.31    0.01    0.25    0.04    0.00    0.00    0.00   31.58
13:37:06      49   66.85    0.00    0.24    0.01    0.23    0.01    0.00    0.00    0.00   32.67
13:37:06      50   66.83    0.00    0.99    0.01    0.23    0.01    0.00    0.00    0.00   31.93
13:37:06      51   66.85    0.00    0.07    0.00    0.23    0.01    0.00    0.00    0.00   32.84
13:37:06      52   11.50    0.00    1.06    0.00    0.04    0.00    0.00    0.00    0.00   87.40
13:37:06      53    4.57    0.00    0.17    0.00    0.02    0.00    0.00    0.00    0.00   95.24
13:37:06      54    0.25    0.00    0.12    0.03    0.01    0.00    0.00    0.00    0.00   99.59
13:37:06      55    0.26    0.00    0.14    0.03    0.02    0.01    0.00    0.00    0.00   99.55
13:37:06      56    0.82    0.00    2.98    0.03    0.01    0.00    0.00    0.00    0.00   96.16
13:37:06      57    0.64    0.00   33.21    0.03    1.22    0.01    0.00    0.00    0.00   64.90
13:37:06      58    0.62    0.00    4.72    0.03    0.01    0.00    0.00    0.00    0.00   94.61
13:37:06      59    0.52    0.00    1.11    0.00    0.01    0.00    0.00    0.00    0.00   98.36
13:37:06      60    0.47    0.00    1.58    0.00    0.01    0.00    0.00    0.00    0.00   97.94
13:37:06      61    0.59    0.00    0.27    0.00    0.01    0.00    0.00    0.00    0.00   99.13
13:37:06      62    0.18    0.00    1.15    0.00    0.01    0.00    0.00    0.00    0.00   98.66
13:37:06      63    0.08    0.00    0.98    0.00    0.01    0.00    0.00    0.00    0.00   98.93
Memory usage:
              total        used        free      shared  buff/cache   available
Mem:          250Gi       120Gi       123Gi       4.3Gi       7.0Gi       125Gi
Swap:            0B          0B          0B
Fri Oct 18 13:37:06 2024       
+---------------------------------------------------------------------------------------+
| NVIDIA-SMI 530.30.02              Driver Version: 530.30.02    CUDA Version: 12.1     |
|-----------------------------------------+----------------------+----------------------+
| GPU  Name                  Persistence-M| Bus-Id        Disp.A | Volatile Uncorr. ECC |
| Fan  Temp  Perf            Pwr:Usage/Cap|         Memory-Usage | GPU-Util  Compute M. |
|                                         |                      |               MIG M. |
|=========================================+======================+======================|
|   0  NVIDIA A100-SXM4-40GB           On | 00000000:03:00.0 Off |                    0 |
| N/A   39C    P0              114W / 400W|  40375MiB / 40960MiB |    100%      Default |
|                                         |                      |             Disabled |
+-----------------------------------------+----------------------+----------------------+
|   1  NVIDIA A100-SXM4-40GB           On | 00000000:41:00.0 Off |                    0 |
| N/A   41C    P0              165W / 400W|    477MiB / 40960MiB |     58%      Default |
|                                         |                      |             Disabled |
+-----------------------------------------+----------------------+----------------------+
|   2  NVIDIA A100-SXM4-40GB           On | 00000000:81:00.0 Off |                    0 |
| N/A   43C    P0              170W / 400W|   3063MiB / 40960MiB |     94%      Default |
|                                         |                      |             Disabled |
+-----------------------------------------+----------------------+----------------------+
|   3  NVIDIA A100-SXM4-40GB           On | 00000000:C1:00.0 Off |                    0 |
| N/A   31C    P0               52W / 400W|      0MiB / 40960MiB |      0%      Default |
|                                         |                      |             Disabled |
+-----------------------------------------+----------------------+----------------------+
                                                                                         
+---------------------------------------------------------------------------------------+
| Processes:                                                                            |
|  GPU   GI   CI        PID   Type   Process name                            GPU Memory |
|        ID   ID                                                             Usage      |
|=======================================================================================|
+---------------------------------------------------------------------------------------+
