/project/c_gnn_001/conda_envs/cuda121/lib/python3.11/site-packages/sklearn/base.py:376: InconsistentVersionWarning: Trying to unpickle estimator MinMaxScaler from version 1.3.0 when using version 1.5.2. This might lead to breaking code or invalid results. Use at your own risk. For more info please refer to:
https://scikit-learn.org/stable/model_persistence.html#security-maintainability-limitations
  warnings.warn(
Namespace(data_dir='../tsp_input/generated_insatnces_3000_size_50/', tb_dir='../atsp_model_train_result', atsp_size=50, to_homo=False, half_st=False, model='HetroGATConcat', input_dim=1, hidden_dim=128, output_dim=1, relation_types='ss tt pp', n_gnn_layers=4, n_heads=64, jk='cat', lr_init=0.001, lr_decay=0.95, min_delta=0.0001, patience=200, batch_size=15, n_epochs=100, checkpoint_freq=10, seed=4, n_trials=1, n_samples_result_train=30, device='cuda')
Namespace(atsp_size=100, data_path='../tsp_input/generated_insatnces_30_size_100', model_path='../atsp_model_train_result/Oct17_04-09-53_HetroGATConcat_trained_ATSP50/trial_0', time_limit=0.16, perturbation_moves=5, device='cuda', half_st=False, relation_types='ss tt pp st')
model: HetroGATConcat trained in ATSP100 for 100 and tested in ATSP100 for 30
device = cuda
  0%|          | 0/30 [00:00<?, ?it/s]  0%|          | 0/30 [00:00<?, ?it/s]
Traceback (most recent call last):
  File "/project/c_gnn_001/code/tsp/atsp_gnn/test.py", line 158, in <module>
    main(args_test)
  File "/project/c_gnn_001/code/tsp/atsp_gnn/test.py", line 64, in main
    H = test_set.get_scaled_features(G).to(args.device)
        ^^^^^^^^^^^^^^^^^^^^^^^^^^^^^^^
  File "/project/c_gnn_001/code/tsp/atsp_gnn/gnngls/datasets.py", line 181, in get_scaled_features
    H.ndata['regret2']  = F.softmax(- H.ndata['regret2']  / t, dim=2)
                          ^^^^^^^^^^^^^^^^^^^^^^^^^^^^^^^^^^^^^^^^^^^
  File "/project/c_gnn_001/conda_envs/cuda121/lib/python3.11/site-packages/torch/nn/functional.py", line 1888, in softmax
    ret = input.softmax(dim)
          ^^^^^^^^^^^^^^^^^^
IndexError: Dimension out of range (expected to be in range of [-2, 1], but got 2)
