Number of nodes: 500
Number of edges: 249500
62125500
124750
62125500
124750
Traceback (most recent call last):
  File "/project/p_gnn001/code/tsp/tsp_gnn/gnngls/datasets.py", line 5, in <module>
    import dgl
  File "/home/p_gnngw/miniconda3/envs/cuda118/lib/python3.12/site-packages/dgl/__init__.py", line 16, in <module>
    from . import (
  File "/home/p_gnngw/miniconda3/envs/cuda118/lib/python3.12/site-packages/dgl/dataloading/__init__.py", line 13, in <module>
    from .dataloader import *
  File "/home/p_gnngw/miniconda3/envs/cuda118/lib/python3.12/site-packages/dgl/dataloading/dataloader.py", line 27, in <module>
    from ..distributed import DistGraph
  File "/home/p_gnngw/miniconda3/envs/cuda118/lib/python3.12/site-packages/dgl/distributed/__init__.py", line 5, in <module>
    from .dist_graph import DistGraph, DistGraphServer, edge_split, node_split
  File "/home/p_gnngw/miniconda3/envs/cuda118/lib/python3.12/site-packages/dgl/distributed/dist_graph.py", line 11, in <module>
    from .. import backend as F, graphbolt as gb, heterograph_index
  File "/home/p_gnngw/miniconda3/envs/cuda118/lib/python3.12/site-packages/dgl/graphbolt/__init__.py", line 8, in <module>
    from .base import *
  File "/home/p_gnngw/miniconda3/envs/cuda118/lib/python3.12/site-packages/dgl/graphbolt/base.py", line 8, in <module>
    from torchdata.datapipes.iter import IterDataPipe
  File "/home/p_gnngw/miniconda3/envs/cuda118/lib/python3.12/site-packages/torchdata/__init__.py", line 9, in <module>
    from . import datapipes
  File "/home/p_gnngw/miniconda3/envs/cuda118/lib/python3.12/site-packages/torchdata/datapipes/__init__.py", line 9, in <module>
    from . import iter, map, utils
  File "/home/p_gnngw/miniconda3/envs/cuda118/lib/python3.12/site-packages/torchdata/datapipes/iter/__init__.py", line 46, in <module>
    from torchdata.datapipes.iter.load.huggingface import HuggingFaceHubReaderIterDataPipe as HuggingFaceHubReader
  File "/home/p_gnngw/miniconda3/envs/cuda118/lib/python3.12/site-packages/torchdata/datapipes/iter/load/huggingface.py", line 14, in <module>
    import datasets
  File "/project/p_gnn001/code/tsp/tsp_gnn/gnngls/datasets.py", line 368, in <module>
    _ = optimized_line_graph(complete_graph)
        ^^^^^^^^^^^^^^^^^^^^^^^^^^^^^^^^^^^^
  File "/project/p_gnn001/code/tsp/tsp_gnn/gnngls/datasets.py", line 159, in optimized_line_graph
    g2 = dgl.heterograph(edge_types)
         ^^^^^^^^^^^^^^^^^^^^^^^^^^^
TypeError: 'module' object is not callable
